[2025-12-27 16:31:45] 🤖 AI Maintainer Session Started.
[2025-12-27 16:31:45] 🧠 Brainstorming next improvement...
[2025-12-27 16:31:47] 💡 AI DECISION: One potential web UI improvement for these HTML files is to add a loading animation when the pages are loading. This can be achieved by adding a CSS animation and some JavaScript code to trigger the animation.

**HTML Changes:**

Add a `<div>` element with a class of `loading` to the `<body>` of both `index.html` and `games.html` files:

```html
<body class="dark-theme" id="loading-page">
  <!-- existing content -->
</body>
```

**CSS Changes:**

Add CSS to `style.css` to style the loading animation:

```css
#loading-page .loading {
  position: fixed;
  top: 50%;
  left: 50%;
  transform: translate(-50%, -50%);
  z-index: 100;
  width: 100px;
  height: 100px;
  border-radius: 50%;
  background-color: #000;
  animation: loading-animation 2s infinite;
}

#loading-page.hide-loading {
  animation: none;
}

@keyframes loading-animation {
  0% {
    transform: scale(0.5);
  }
  50% {
    transform: scale(1);
  }
  100% {
    transform: scale(0.5);
  }
}
```

**JavaScript Changes:**

Add JavaScript to both `index.html` and `games.html` files to trigger the loading animation and hide it when the page is fully loaded:

```javascript
<script>
  document.addEventListener("DOMContentLoaded", function() {
    const loadingElement = document.getElementById("loading-page");
    loadingElement.classList.add("hide-loading");
  });
</script>
```

**Modified Code:**

Here's the complete code for both `index.html` and `games.html` files:

**index.html:**

```html
<!DOCTYPE html>
<html lang="en">

<head>
  <!-- existing head content -->
</head>

<body class="dark-theme" id="loading-page">
  <div class="loading">
    <div>Loading...</div>
  </div>
  <div class="topnav">
    <!-- existing topnav content -->
  </div>
  <div class="hero">
    <!-- existing hero content -->
  </div>

  <script>
    window.addEventListener("load", function() {
      const loadingElement = document.getElementById("loading-page");
      loadingElement.classList.add("hide-loading");
    });
  </script>
</body>
</html>
```

**games.html:**

```html
<!DOCTYPE html>
<html lang="en">

<head>
  <!-- existing head content -->
</head>

<body class="dark-theme" id="loading-page">
  <div class="loading">
    <div>Loading...</div>
  </div>
  <div class="topnav">
    <!-- existing topnav content -->
  </div>
  <div class="hero">
    <!-- existing hero content -->
  </div>

  <script>
    window.addEventListener("load", function() {
      const loadingElement = document.getElementById("loading-page");
      loadingElement.classList.add("hide-loading");
    });
  </script>
</body>
</html>
```

This code adds a loading animation to both pages and hides it when the page is fully loaded. The loading animation is a simple circle that scales up and down, giving a nice visual effect.
[2025-12-27 16:31:51] 🚀 SUCCESS: Pushed 'auto: One potential web UI improvement for these HTML fi' to GitHub.
[2025-12-27 16:31:51] 💤 Sleeping for 1.0 minutes...
[2025-12-27 16:32:51] 🧠 Brainstorming next improvement...
[2025-12-27 16:32:56] 💡 AI DECISION: One small, valid web UI improvement would be to enhance the responsiveness of the loading animation by adding inertia to it. 

Currently, the loading animation scales up and down without any easing, creating an unpleasant jerkiness. By adding a cubic-bezier easing function, the animation will become smoother and more visually appealing.

Here's the modified `style.css` code:

```css
#loading-page .loading {
  position: fixed;
  top: 50%;
  left: 50%;
  transform: translate(-50%, -50%);
  z-index: 100;
  width: 100px;
  height: 100px;
  border-radius: 50%;
  background-color: #000;
  animation: loading-animation 2s cubic-bezier(0.25, 0.1, 0.25, 1); /* add this */
}

#loading-page.hide-loading {
  animation: none;
}

@keyframes loading-animation {
  0% {
    transform: scale(0.5);
  }
  50% {
    transform: scale(1);
  }
  100% {
    transform: scale(0.5);
  }
}
```

Alternatively, you can use other easing functions like `ease-in`, `ease-out`, `ease-in-out`, `cubic-bezier(0, 0, 1, 1)`, etc., depending on your design requirements.

This change will enhance the loading animation experience and provide a more cohesive user interface.
[2025-12-27 16:32:59] 🚀 SUCCESS: Pushed 'auto: One small, valid web UI improvement would be to en' to GitHub.
[2025-12-27 16:32:59] 💤 Sleeping for 1.0 minutes...
[2025-12-27 16:33:59] 🧠 Brainstorming next improvement...
[2025-12-27 16:34:00] 💡 AI DECISION: One small, valid web UI improvement is to add a loading animation to the navigation menu when the page is loading. This will improve the user experience by giving the user a visual cue that the page is still being loaded.

To implement this, you can add a CSS class to the navigation menu that shows the loading animation when the page is loaded. You can use the CSS class `.loading` and `.hide-loading` from your existing style.css file.

Here's the updated code for the navigation menu (in games.html):

```html
<div class="topnav">
  <!-- ...
</div>

<div class="loading">
  <!-- ...
</div>

<script>
  // Wait for the page to be loaded
  window.addEventListener('DOMContentLoaded', function() {
    // Remove the loading animation when the page is loaded
    document.body.classList.remove('loading');
  });
</script>
```

You can also add some animation to the loading animation to make it more visually appealing. For example, you can add a fade-in or fade-out animation to the loading text.

Here's an updated version of the loading animation CSS class (in style.css):

```css
.loading {
  position: fixed;
  top: 50%;
  left: 50%;
  transform: translate(-50%, -50%);
  z-index: 100;
  width: 100px;
  height: 100px;
  border-radius: 50%;
  background-color: #000;
  opacity: 0;
  transition: opacity 2s;
}

.loading.show {
  opacity: 1;
}

.loading.hide {
  opacity: 0;
  animation: fade-out 2s;
}

@keyframes fade-out {
  0% {
    opacity: 1;
  }
  100% {
    opacity: 0;
  }
}
```

And here's the updated JavaScript code for the loading animation:

```javascript
<script>
  // Wait for the page to be loaded
  window.addEventListener('DOMContentLoaded', function() {
    // Remove the loading animation when the page is loaded
    document.body.classList.remove('loading');
  });
  
  document.body.classList.add('loading');
</script>
```

This will add a fading effect to the loading animation when the page is loaded. The `.loading` class still controls the position and size of the loading animation, but the opacity of the animation will fade in and out.
[2025-12-27 16:34:05] 🚀 SUCCESS: Pushed 'auto: One small, valid web UI improvement is to add a lo' to GitHub.
[2025-12-27 16:34:05] 💤 Sleeping for 1.0 minutes...
[2025-12-27 16:35:05] 🧠 Brainstorming next improvement...
[2025-12-27 16:35:06] 💡 AI DECISION: After reviewing the provided code, I suggest a small web UI improvement:

**Suggestion: Add a dark mode toggle button**

Currently, the website only has a dark theme set by default through the CSS class "dark-theme". However, there's no intuitive way for users to switch between light and dark themes. Adding a toggle button can enhance user experience and provide more flexibility. 

Here's a simple example of how you could implement this:

**index.html (add a script)**
```html
<script>
  function toggleTheme() {
    const body = document.body;
    const lightCss = "light-theme";
    const darkCss = "dark-theme";

    if (body.classList.contains(lightCss)) {
      body.classList.remove(lightCss);
      body.classList.add(darkCss);
    } else {
      body.classList.remove(darkCss);
      body.classList.add(lightCss);
    }
  }
</script>
```

**index.html (add an HTML element for dark mode toggle)**
```html
<button id="theme-toggle" onclick="toggleTheme()">Switch Theme</button>
```

**style.css (add styles for light theme)**
```css
body.light-theme {
  background-color: #f5f5f5;
  color: #000;
}

body.light-theme .topnav a {
  color: #000;
}

body.light-theme .hero {
  background-color: #fff;
}
```

**Note:** These changes will only work if you include the new HTML and JavaScript elements in your code. Make sure to adjust the styles according to your preferences.

This is a simple improvement, but it can enhance user experience and provide more flexibility for users.
[2025-12-27 16:35:10] 🚀 SUCCESS: Pushed 'auto: After reviewing the provided code, I suggest a sma' to GitHub.
[2025-12-27 16:35:10] 💤 Sleeping for 1.0 minutes...
[2025-12-27 16:35:24] 🤖 AI Maintainer Session Started.
[2025-12-27 16:35:24] 🧠 Brainstorming next improvement...
[2025-12-27 16:35:26] 💡 AI DECISION: One small, valid web UI improvement would be to implement an optional dark theme toggle. This allows users to switch between a lighter or darker theme, depending on their personal preference.

To implement the theme toggle, you could use CSS variables. You would add a variable in your CSS file to represent the theme, and modify the `style.css` file to use this variable for color and background settings.

**Updated CSS file (style.css):**
```css
:root {
  --primary-color: #000;
  --secondary-color: #fff;
  --background-color: #f5f5f5;
  --text-color: #333;
  --light-theme-background: #f5f5f5;
  --light-theme-text: #000;
  --dark-theme-background: #2d2d2d;
  --dark-theme-text: #fff;
}

body.light-theme {
  background-color: var(--light-theme-background);
  color: var(--light-theme-text);
}

body.light-theme .topnav a {
  color: var(--light-theme-text);
}

body.light-theme .hero {
  background-color: var(--light-theme-background);
}

body.dark-theme {
  background-color: var(--dark-theme-background);
  color: var(--dark-theme-text);
}

body.dark-theme .topnav a {
  color: var(--dark-theme-text);
}

body.dark-theme .hero {
  background-color: var(--dark-theme-background);
}

body {
  transition: background-color 0.5s ease, color 0.5s ease;
}
```
**Updated `index.html` file:**

```html
<!DOCTYPE html>
<html lang="en">
<head>
  <meta charset="utf-8" />
  <meta name="viewport" content="width=device-width, initial-scale=1.0" />
  <title>Space Cat Games - Home</title>
  <link href="https://fonts.googleapis.com/css2?family=Inter:wght@300;400;500;600;700&display=swap" rel="stylesheet">
  <link href="css/style.css" rel="stylesheet" type="text/css" />
  <link rel="icon" href="favicon.ico" type="image/x-icon" />
  <link rel="icon" href="favicon.ico" type="image/x-icon" />
  <script id="Cookiebot" src="https://consent.cookiebot.com/uc.js" data-cbid="3a050c7c-3ead-4b4e-b044-854d2f99657b"
    data-blockingmode="auto" type="text/javascript"></script>
  <!-- Google tag (gtag.js) -->
  <script async src="https://www.googletagmanager.com/gtag/js?id=G-TTZS202J2Q"></script>
  <script>
    window.dataLayer = window.dataLayer || [];
    function gtag() { dataLayer.push(arguments); }
    gtag('js', new Date());

    gtag('config', 'G-TTZS202J2Q');
  </script>
  <script>(function (s) { s.dataset.zone = '10294144', s.src = 'https://gizokraijaw.net/vignette.min.js' })([document.documentElement, document.body].filter(Boolean).pop().appendChild(document.createElement('script')))</script>
  <script defer>
    const themeToggle = document.getElementById('theme-toggle');
    themeToggle.addEventListener('click', () => {
      document.body.classList.toggle('dark-theme');
      localStorage.setItem('theme', document.body.classList.contains('dark-theme') ? 'dark' : 'light');
    });
    const storedTheme = localStorage.getItem('theme');
    if (storedTheme === 'dark') {
      document.body.classList.add('dark-theme');
    }
  </script>

  <meta name="description" content="The worlds best free and open source games website!" />
  <meta name="keywords"
    content="games, unblocked, free games, open source, browser games, play online, Space Cat Games, Nijika Softworks" />
  <meta name="author" content="Starry Systems" />
  <meta property="og:title" content="Space Cat Games - Home" />
  <meta property="og:description" content="The worlds best free and open source games website!" />
  <meta property="og:url" content="https://spacecatgames.netlify.app" />
  <meta property="og:type" content="website" />
  <link rel="stylesheet" href="css/style.css">
</head>

<body class="dark-theme" id="loading-page" onload="onBodyLoad();">
  <button id="theme-toggle">Toggle Theme</button>
  <div class="loading">
    <div>Loading...</div>
  </div>

  <div class="topnav">
    <a href="index.html">Home</a>
    <a href="games.html">Games</a>
    <a href="https://nijikasoftworks.meowcat.site/">News</a>
    <a href="opensource.html">Source Code</a>
    <a href="credits.html">Credits</a>
    <a href="changelog.html">Changelog</a>
    <a href="archive.html">Archive</a>
    <a href="https://neurontechnologies.flarum.cloud/d/3-space-cat-games-general">Help</a>
  </div>

  <script>
    function onBodyLoad() {
      setTimeout(function() {
        document.getElementById('loading').style.display = 'none';
        document.getElementsByClassName('loading')[0].style.display = 'none';
      }, 2000);
    }
  </script>

  <div class="hero">
    <div class="container">
      <h1 id="main-header">Welcome to Space Cat Games 17.4 - Codename 64</h1>
      <div id="build-id" style="font-size:0.95em;color:#000000;margin-top:4px;"></div>
      <div id="random-tip" class="random-tip"></div>
      <script>
        // Random tips array
        // Build ID logic
        function setBuildId(commitHash, isSession) {
          if (isSession) {
            document.getElementById("build-id").textContent = "Session ID: " + commitHash;
          } else {
            document.getElementById("build-id").textContent = "Build ID: " + commitHash;
          }
        }

        // Try GitHub API, fallback to 'unknown'.

</script>
```

In this updated version, a toggle button has been added to the top of the page and a JavaScript function has been written to add or remove the `.dark-theme` class from the `body` tag, depending on whether dark mode is on or off. The `localStorage` API is used to store the current theme and recall it on every page load. 

To save the CSS stylesheets, you will need to use CSS variables like this in your CSS file, as I have illustrated above.

Remember to add `dark-theme` class to the body in `games.html` for the new theme functionality to work.
